I, [2019-03-13T08:22:58.294416 #3528]  INFO -- : Refreshing Gem list
I, [2019-03-13T08:23:03.874430 #3528]  INFO -- : listening on addr=/var/www/rails/kinchan/tmp/sockets/.unicorn.sock fd=17
E, [2019-03-13T08:23:03.885215 #3528] ERROR -- : Unknown database 'kinchan_development' (ActiveRecord::NoDatabaseError)
/opt/bitnami/ruby/lib/ruby/gems/2.4.0/gems/activerecord-5.2.2/lib/active_record/connection_adapters/mysql2_adapter.rb:26:in `rescue in mysql2_connection'
/opt/bitnami/ruby/lib/ruby/gems/2.4.0/gems/activerecord-5.2.2/lib/active_record/connection_adapters/mysql2_adapter.rb:12:in `mysql2_connection'
/opt/bitnami/ruby/lib/ruby/gems/2.4.0/gems/activerecord-5.2.2/lib/active_record/connection_adapters/abstract/connection_pool.rb:811:in `new_connection'
/opt/bitnami/ruby/lib/ruby/gems/2.4.0/gems/activerecord-5.2.2/lib/active_record/connection_adapters/abstract/connection_pool.rb:855:in `checkout_new_connection'
/opt/bitnami/ruby/lib/ruby/gems/2.4.0/gems/activerecord-5.2.2/lib/active_record/connection_adapters/abstract/connection_pool.rb:834:in `try_to_checkout_new_connection'
/opt/bitnami/ruby/lib/ruby/gems/2.4.0/gems/activerecord-5.2.2/lib/active_record/connection_adapters/abstract/connection_pool.rb:795:in `acquire_connection'
/opt/bitnami/ruby/lib/ruby/gems/2.4.0/gems/activerecord-5.2.2/lib/active_record/connection_adapters/abstract/connection_pool.rb:523:in `checkout'
/opt/bitnami/ruby/lib/ruby/gems/2.4.0/gems/activerecord-5.2.2/lib/active_record/connection_adapters/abstract/connection_pool.rb:382:in `connection'
/opt/bitnami/ruby/lib/ruby/gems/2.4.0/gems/activerecord-5.2.2/lib/active_record/connection_adapters/abstract/connection_pool.rb:1010:in `retrieve_connection'
/opt/bitnami/ruby/lib/ruby/gems/2.4.0/gems/activerecord-5.2.2/lib/active_record/connection_handling.rb:118:in `retrieve_connection'
/opt/bitnami/ruby/lib/ruby/gems/2.4.0/gems/activerecord-5.2.2/lib/active_record/connection_handling.rb:90:in `connection'
/var/www/rails/kinchan/config/unicorn.conf.rb:21:in `block in reload'
/opt/bitnami/ruby/lib/ruby/gems/2.4.0/gems/unicorn-5.4.0/lib/unicorn/http_server.rb:543:in `spawn_missing_workers'
/opt/bitnami/ruby/lib/ruby/gems/2.4.0/gems/unicorn-5.4.0/lib/unicorn/http_server.rb:142:in `start'
/opt/bitnami/ruby/lib/ruby/gems/2.4.0/gems/unicorn-5.4.0/bin/unicorn_rails:209:in `<top (required)>'
/opt/bitnami/ruby/bin/unicorn_rails:23:in `load'
/opt/bitnami/ruby/bin/unicorn_rails:23:in `<top (required)>'
/opt/bitnami/ruby/lib/ruby/gems/2.4.0/gems/bundler-1.14.6/lib/bundler/cli/exec.rb:74:in `load'
/opt/bitnami/ruby/lib/ruby/gems/2.4.0/gems/bundler-1.14.6/lib/bundler/cli/exec.rb:74:in `kernel_load'
/opt/bitnami/ruby/lib/ruby/gems/2.4.0/gems/bundler-1.14.6/lib/bundler/cli/exec.rb:27:in `run'
/opt/bitnami/ruby/lib/ruby/gems/2.4.0/gems/bundler-1.14.6/lib/bundler/cli.rb:335:in `exec'
/opt/bitnami/ruby/lib/ruby/gems/2.4.0/gems/bundler-1.14.6/lib/bundler/vendor/thor/lib/thor/command.rb:27:in `run'
/opt/bitnami/ruby/lib/ruby/gems/2.4.0/gems/bundler-1.14.6/lib/bundler/vendor/thor/lib/thor/invocation.rb:126:in `invoke_command'
/opt/bitnami/ruby/lib/ruby/gems/2.4.0/gems/bundler-1.14.6/lib/bundler/vendor/thor/lib/thor.rb:359:in `dispatch'
/opt/bitnami/ruby/lib/ruby/gems/2.4.0/gems/bundler-1.14.6/lib/bundler/cli.rb:20:in `dispatch'
/opt/bitnami/ruby/lib/ruby/gems/2.4.0/gems/bundler-1.14.6/lib/bundler/vendor/thor/lib/thor/base.rb:440:in `start'
/opt/bitnami/ruby/lib/ruby/gems/2.4.0/gems/bundler-1.14.6/lib/bundler/cli.rb:11:in `start'
/opt/bitnami/ruby/lib/ruby/gems/2.4.0/gems/bundler-1.14.6/exe/bundle:32:in `block in <top (required)>'
/opt/bitnami/ruby/lib/ruby/gems/2.4.0/gems/bundler-1.14.6/lib/bundler/friendly_errors.rb:121:in `with_friendly_errors'
/opt/bitnami/ruby/lib/ruby/gems/2.4.0/gems/bundler-1.14.6/exe/bundle:24:in `<top (required)>'
/opt/bitnami/ruby/bin/bundle:23:in `load'
/opt/bitnami/ruby/bin/bundle:23:in `<main>'
I, [2019-03-13T08:26:17.282744 #3729]  INFO -- : Refreshing Gem list
I, [2019-03-13T08:26:18.528812 #3729]  INFO -- : unlinking existing socket=/var/www/rails/kinchan/tmp/sockets/.unicorn.sock
I, [2019-03-13T08:26:18.529018 #3729]  INFO -- : listening on addr=/var/www/rails/kinchan/tmp/sockets/.unicorn.sock fd=17
I, [2019-03-13T08:26:18.541807 #3729]  INFO -- : master process ready
I, [2019-03-13T08:26:18.552210 #3741]  INFO -- : worker=1 ready
I, [2019-03-13T08:26:18.550384 #3739]  INFO -- : worker=0 ready
I, [2019-03-19T01:08:51.493678 #3729]  INFO -- : reaped #<Process::Status: pid 3739 exit 0> worker=0
I, [2019-03-19T01:08:51.501366 #3729]  INFO -- : reaped #<Process::Status: pid 3741 exit 0> worker=1
I, [2019-03-19T01:08:51.504697 #3729]  INFO -- : reloading config_file=/var/www/rails/kinchan/config/unicorn.conf.rb
I, [2019-03-19T01:08:51.849658 #3729]  INFO -- : Refreshing Gem list
I, [2019-03-19T01:08:51.971376 #3729]  INFO -- : done reloading config_file=/var/www/rails/kinchan/config/unicorn.conf.rb
I, [2019-03-19T01:08:51.971632 #3729]  INFO -- : master complete
I, [2019-03-24T06:02:52.525402 #4278]  INFO -- : Refreshing Gem list
I, [2019-03-24T06:02:58.968223 #4278]  INFO -- : unlinking existing socket=/var/www/rails/kinchan/tmp/sockets/.unicorn.sock
I, [2019-03-24T06:02:58.968418 #4278]  INFO -- : listening on addr=/var/www/rails/kinchan/tmp/sockets/.unicorn.sock fd=17
I, [2019-03-24T06:02:58.994099 #4278]  INFO -- : master process ready
I, [2019-03-24T06:02:58.999873 #4289]  INFO -- : worker=0 ready
I, [2019-03-24T06:02:59.003959 #4291]  INFO -- : worker=1 ready
Invalid or incomplete POST params
Invalid or incomplete POST params
Invalid or incomplete POST params
Invalid or incomplete POST params
Invalid or incomplete POST params
Invalid or incomplete POST params
Invalid or incomplete POST params
Invalid or incomplete POST params
Invalid or incomplete POST params
Invalid or incomplete POST params
Invalid or incomplete POST params
Invalid or incomplete POST params
Invalid or incomplete POST params
Invalid or incomplete POST params
Invalid or incomplete POST params
Invalid or incomplete POST params
Invalid or incomplete POST params
Invalid or incomplete POST params
Invalid or incomplete POST params
Invalid or incomplete POST params
Invalid or incomplete POST params
Invalid or incomplete POST params
Invalid or incomplete POST params
Invalid or incomplete POST params
Invalid or incomplete POST params
Invalid or incomplete POST params
Invalid or incomplete POST params
Invalid or incomplete POST params
Invalid or incomplete POST params
Invalid or incomplete POST params
I, [2019-06-29T03:29:26.445957 #1386]  INFO -- : Refreshing Gem list
I, [2019-06-29T03:29:27.795901 #1386]  INFO -- : unlinking existing socket=/var/www/rails/kinchan/tmp/sockets/.unicorn.sock
I, [2019-06-29T03:29:27.797512 #1386]  INFO -- : listening on addr=/var/www/rails/kinchan/tmp/sockets/.unicorn.sock fd=17
I, [2019-06-29T03:29:27.822940 #1386]  INFO -- : master process ready
I, [2019-06-29T03:29:27.828837 #1396]  INFO -- : worker=0 ready
I, [2019-06-29T03:29:27.834703 #1398]  INFO -- : worker=1 ready
I, [2019-06-29T04:19:44.646760 #3767]  INFO -- : Refreshing Gem list
I, [2019-06-29T04:19:46.078393 #3767]  INFO -- : unlinking existing socket=/var/www/rails/kinchan/tmp/sockets/.unicorn.sock
I, [2019-06-29T04:19:46.079614 #3767]  INFO -- : listening on addr=/var/www/rails/kinchan/tmp/sockets/.unicorn.sock fd=17
I, [2019-06-29T04:19:46.151591 #3767]  INFO -- : master process ready
I, [2019-06-29T04:19:46.165974 #3777]  INFO -- : worker=0 ready
I, [2019-06-29T04:19:46.167311 #3779]  INFO -- : worker=1 ready
I, [2019-06-29T06:29:01.316003 #7158]  INFO -- : Refreshing Gem list
I, [2019-06-29T06:29:03.666830 #7158]  INFO -- : unlinking existing socket=/var/www/rails/kinchan/tmp/sockets/.unicorn.sock
I, [2019-06-29T06:29:03.667337 #7158]  INFO -- : listening on addr=/var/www/rails/kinchan/tmp/sockets/.unicorn.sock fd=17
I, [2019-06-29T06:29:03.696508 #7158]  INFO -- : master process ready
I, [2019-06-29T06:29:03.707539 #7168]  INFO -- : worker=0 ready
I, [2019-06-29T06:29:03.709429 #7170]  INFO -- : worker=1 ready
"ああああああ"
"ああああああ"
ああああああ